<?xml version="1.0" encoding="UTF-8"?>
<!-- Generated by org.testng.reporters.JUnitReportReporter -->
<testsuite hostname="purva" failures="0" tests="1" name="KiteTest.Test_class" time="6.457" errors="0" timestamp="2022-09-03T14:17:42 IST" skipped="0">
  <testcase classname="KiteTest.Test_class" name="verifyuserID" time="6.457"/>
  <system-out>
    <![CDATA[running verify user id]]>
  </system-out>
</testsuite> <!-- KiteTest.Test_class -->
